<?xml version="1.0" encoding="UTF-8"?>
<!-- Generated by org.testng.reporters.JUnitReportReporter -->
<testsuite hostname="LAPTOP-I1402OAT" failures="0" tests="3" name="TestCase" time="0.009" errors="0" timestamp="2022-06-08T06:26:02 WAT" skipped="0">
  <testcase classname="TestCase" name="setup" time="0.007"/>
  <system-out/>
  <testcase classname="TestCase" name="begin" time="0.000"/>
  <system-out/>
  <testcase classname="TestCase" name="end" time="0.002"/>
  <system-out/>
</testsuite> <!-- TestCase -->
